# JRE version: OpenJDK Runtime Environment Temurin-17.0.6+10 (17.0.6+10) (build 17.0.6+10)
# Java VM: OpenJDK 64-Bit Server VM Temurin-17.0.6+10 (17.0.6+10, mixed mode, emulated-client, tiered, compressed oops, compressed class ptrs, g1 gc, windows-amd64)
GC Precious Log:
 CPUs: 4 total, 4 available
 Memory: 6069M
 Large Page Support: Disabled
 NUMA Support: Disabled
 Compressed Oops: Enabled (32-bit)
 Heap Region Size: 1M
 Heap Min Capacity: 8M
 Heap Initial Capacity: 96M
 Heap Max Capacity: 1G
 Pre-touch: Disabled
 Parallel Workers: 4
 Concurrent Workers: 1
 Concurrent Refinement Workers: 4
 Periodic GC: Disabled
Heap:
 garbage-first heap   total 260096K, used 86579K [0x00000000c0000000, 0x0000000100000000)
  region size 1024K, 2 young (2048K), 2 survivors (2048K)
 Metaspace       used 69882K, committed 70464K, reserved 1114112K
  class space    used 9530K, committed 9792K, reserved 1048576K
GC Heap History (20 events):
Event: 10300.035 GC heap after
{Heap after GC invocations=1039 (full 965):
 garbage-first heap   total 263168K, used 84128K [0x00000000c0000000, 0x0000000100000000)
  region size 1024K, 6 young (6144K), 6 survivors (6144K)
 Metaspace       used 69633K, committed 70144K, reserved 1114112K
  class space    used 9482K, committed 9728K, reserved 1048576K
}
Event: 10339.559 GC heap before
{Heap before GC invocations=1040 (full 965):
 garbage-first heap   total 263168K, used 96990K [0x00000000c0000000, 0x0000000100000000)
  region size 1024K, 21 young (21504K), 6 survivors (6144K)
 Metaspace       used 69633K, committed 70144K, reserved 1114112K
  class space    used 9482K, committed 9728K, reserved 1048576K
}
Event: 10339.611 GC heap after
{Heap after GC invocations=1041 (full 966):
 garbage-first heap   total 260096K, used 76224K [0x00000000c0000000, 0x0000000100000000)
  region size 1024K, 0 young (0K), 0 survivors (0K)
 Metaspace       used 69633K, committed 70144K, reserved 1114112K
  class space    used 9482K, committed 9728K, reserved 1048576K
}
Event: 10349.776 GC heap before
{Heap before GC invocations=1041 (full 966):
 garbage-first heap   total 260096K, used 76224K [0x00000000c0000000, 0x0000000100000000)
  region size 1024K, 1 young (1024K), 0 survivors (0K)
 Metaspace       used 69633K, committed 70144K, reserved 1114112K
  class space    used 9482K, committed 9728K, reserved 1048576K
}
Event: 10349.820 GC heap after
{Heap after GC invocations=1042 (full 967):
 garbage-first heap   total 260096K, used 76224K [0x00000000c0000000, 0x0000000100000000)
  region size 1024K, 0 young (0K), 0 survivors (0K)
 Metaspace       used 69633K, committed 70144K, reserved 1114112K
  class space    used 9482K, committed 9728K, reserved 1048576K
}
Event: 10357.036 GC heap before
{Heap before GC invocations=1042 (full 967):
 garbage-first heap   total 260096K, used 191936K [0x00000000c0000000, 0x0000000100000000)
  region size 1024K, 114 young (116736K), 0 survivors (0K)
 Metaspace       used 69686K, committed 70208K, reserved 1114112K
  class space    used 9491K, committed 9728K, reserved 1048576K
}
Event: 10357.043 GC heap after
{Heap after GC invocations=1043 (full 967):
 garbage-first heap   total 260096K, used 81344K [0x00000000c0000000, 0x0000000100000000)
  region size 1024K, 5 young (5120K), 5 survivors (5120K)
 Metaspace       used 69686K, committed 70208K, reserved 1114112K
  class space    used 9491K, committed 9728K, reserved 1048576K
}
Event: 10363.070 GC heap before
{Heap before GC invocations=1043 (full 967):
 garbage-first heap   total 260096K, used 198080K [0x00000000c0000000, 0x0000000100000000)
  region size 1024K, 119 young (121856K), 5 survivors (5120K)
 Metaspace       used 69765K, committed 70272K, reserved 1114112K
  class space    used 9506K, committed 9728K, reserved 1048576K
}
Event: 10363.076 GC heap after
{Heap after GC invocations=1044 (full 967):
 garbage-first heap   total 260096K, used 79781K [0x00000000c0000000, 0x0000000100000000)
  region size 1024K, 4 young (4096K), 4 survivors (4096K)
 Metaspace       used 69765K, committed 70272K, reserved 1114112K
  class space    used 9506K, committed 9728K, reserved 1048576K
}
Event: 10370.860 GC heap before
{Heap before GC invocations=1044 (full 967):
 garbage-first heap   total 260096K, used 200613K [0x00000000c0000000, 0x0000000100000000)
  region size 1024K, 123 young (125952K), 4 survivors (4096K)
 Metaspace       used 69877K, committed 70400K, reserved 1114112K
  class space    used 9529K, committed 9792K, reserved 1048576K
}
Event: 10373.455 GC heap after
{Heap after GC invocations=1045 (full 967):
 garbage-first heap   total 260096K, used 84915K [0x00000000c0000000, 0x0000000100000000)
  region size 1024K, 9 young (9216K), 9 survivors (9216K)
 Metaspace       used 69877K, committed 70400K, reserved 1114112K
  class space    used 9529K, committed 9792K, reserved 1048576K
}
Event: 10373.520 GC heap before
{Heap before GC invocations=1045 (full 967):
 garbage-first heap   total 260096K, used 87987K [0x00000000c0000000, 0x0000000100000000)
  region size 1024K, 12 young (12288K), 9 survivors (9216K)
 Metaspace       used 69882K, committed 70464K, reserved 1114112K
  class space    used 9530K, committed 9792K, reserved 1048576K
}
Event: 10374.180 GC heap after
{Heap after GC invocations=1046 (full 967):
 garbage-first heap   total 260096K, used 82647K [0x00000000c0000000, 0x0000000100000000)
  region size 1024K, 2 young (2048K), 2 survivors (2048K)
 Metaspace       used 69882K, committed 70464K, reserved 1114112K
  class space    used 9530K, committed 9792K, reserved 1048576K
}
Event: 10374.247 GC heap before
{Heap before GC invocations=1046 (full 967):
 garbage-first heap   total 260096K, used 92887K [0x00000000c0000000, 0x0000000100000000)
  region size 1024K, 12 young (12288K), 2 survivors (2048K)
 Metaspace       used 69882K, committed 70464K, reserved 1114112K
  class space    used 9530K, committed 9792K, reserved 1048576K
}
Event: 10374.249 GC heap after
{Heap after GC invocations=1047 (full 967):
 garbage-first heap   total 260096K, used 82886K [0x00000000c0000000, 0x0000000100000000)
  region size 1024K, 2 young (2048K), 2 survivors (2048K)
 Metaspace       used 69882K, committed 70464K, reserved 1114112K
  class space    used 9530K, committed 9792K, reserved 1048576K
}
Event: 10374.324 GC heap before
{Heap before GC invocations=1047 (full 967):
 garbage-first heap   total 260096K, used 93126K [0x00000000c0000000, 0x0000000100000000)
  region size 1024K, 12 young (12288K), 2 survivors (2048K)
 Metaspace       used 69882K, committed 70464K, reserved 1114112K
  class space    used 9530K, committed 9792K, reserved 1048576K
}
Event: 10374.514 GC heap after
{Heap after GC invocations=1048 (full 967):
 garbage-first heap   total 260096K, used 84861K [0x00000000c0000000, 0x0000000100000000)
  region size 1024K, 2 young (2048K), 2 survivors (2048K)
 Metaspace       used 69882K, committed 70464K, reserved 1114112K
  class space    used 9530K, committed 9792K, reserved 1048576K
}
Event: 10374.523 GC heap before
{Heap before GC invocations=1048 (full 967):
 garbage-first heap   total 260096K, used 95101K [0x00000000c0000000, 0x0000000100000000)
  region size 1024K, 12 young (12288K), 2 survivors (2048K)
 Metaspace       used 69882K, committed 70464K, reserved 1114112K
  class space    used 9530K, committed 9792K, reserved 1048576K
}
Event: 10374.580 GC heap after
{Heap after GC invocations=1049 (full 967):
 garbage-first heap   total 260096K, used 85947K [0x00000000c0000000, 0x0000000100000000)
  region size 1024K, 2 young (2048K), 2 survivors (2048K)
 Metaspace       used 69882K, committed 70464K, reserved 1114112K
  class space    used 9530K, committed 9792K, reserved 1048576K
}
Event: 10374.587 GC heap before
{Heap before GC invocations=1049 (full 967):
 garbage-first heap   total 260096K, used 96187K [0x00000000c0000000, 0x0000000100000000)
  region size 1024K, 12 young (12288K), 2 survivors (2048K)
 Metaspace       used 69882K, committed 70464K, reserved 1114112K
  class space    used 9530K, committed 9792K, reserved 1048576K
}

